<?xml version="1.0" encoding="UTF-8"?>
<testsuite xmlns:xsi="http://www.w3.org/2001/XMLSchema-instance" xsi:noNamespaceSchemaLocation="https://maven.apache.org/surefire/maven-surefire-plugin/xsd/surefire-test-report.xsd" name="com.myf.bank.service.TransactionServiceTest" time="0.156" tests="7" errors="0" skipped="0" failures="0">
  <properties>
[...]
</properties>
  <testcase name="testUpdateTransaction_Success" classname="com.myf.bank.service.TransactionServiceTest" time="0.15"/>
  <testcase name="testGetAllTransactions_Pagination" classname="com.myf.bank.service.TransactionServiceTest" time="0"/>
  <testcase name="testGetAllTransactions_EmptyPage" classname="com.myf.bank.service.TransactionServiceTest" time="0"/>
  <testcase name="testCreateTransactionSuccess" classname="com.myf.bank.service.TransactionServiceTest" time="0.001"/>
  <testcase name="testUpdateTransaction_NotFound" classname="com.myf.bank.service.TransactionServiceTest" time="0.001"/>
  <testcase name="testDeleteTransactionSuccess" classname="com.myf.bank.service.TransactionServiceTest" time="0.001"/>
  <testcase name="testCreateTransaction_DuplicateId" classname="com.myf.bank.service.TransactionServiceTest" time="0.001"/>
</testsuite>